Copyright 1986-2022 Xilinx, Inc. All Rights Reserved.
---------------------------------------------------------------------------------------------------------------------------------------------------------------------------------------------------------------
| Tool Version : Vivado v.2022.1 (win64) Build 3526262 Mon Apr 18 15:48:16 MDT 2022
| Date         : Fri Feb 21 16:26:27 2025
| Host         : hberkal running 64-bit major release  (build 9200)
| Command      : report_timing_summary -max_paths 10 -report_unconstrained -file parity_timing_summary_routed.rpt -pb parity_timing_summary_routed.pb -rpx parity_timing_summary_routed.rpx -warn_on_violation
| Design       : parity
| Device       : 7a35t-cpg236
| Speed File   : -1  PRODUCTION 1.23 2018-06-13
---------------------------------------------------------------------------------------------------------------------------------------------------------------------------------------------------------------

Timing Summary Report

------------------------------------------------------------------------------------------------
| Timer Settings
| --------------
------------------------------------------------------------------------------------------------

  Enable Multi Corner Analysis               :  Yes
  Enable Pessimism Removal                   :  Yes
  Pessimism Removal Resolution               :  Nearest Common Node
  Enable Input Delay Default Clock           :  No
  Enable Preset / Clear Arcs                 :  No
  Disable Flight Delays                      :  No
  Ignore I/O Paths                           :  No
  Timing Early Launch at Borrowing Latches   :  No
  Borrow Time for Max Delay Exceptions       :  Yes
  Merge Timing Exceptions                    :  Yes

  Corner  Analyze    Analyze    
  Name    Max Paths  Min Paths  
  ------  ---------  ---------  
  Slow    Yes        Yes        
  Fast    Yes        Yes        


------------------------------------------------------------------------------------------------
| Report Methodology
| ------------------
------------------------------------------------------------------------------------------------

Rule  Severity  Description  Violations  
----  --------  -----------  ----------  

Note: This report is based on the most recent report_methodology run and may not be up-to-date. Run report_methodology on the current design for the latest report.



check_timing report

Table of Contents
-----------------
1. checking no_clock (0)
2. checking constant_clock (0)
3. checking pulse_width_clock (0)
4. checking unconstrained_internal_endpoints (0)
5. checking no_input_delay (0)
6. checking no_output_delay (0)
7. checking multiple_clock (0)
8. checking generated_clocks (0)
9. checking loops (0)
10. checking partial_input_delay (0)
11. checking partial_output_delay (0)
12. checking latch_loops (0)

1. checking no_clock (0)
------------------------
 There are 0 register/latch pins with no clock.


2. checking constant_clock (0)
------------------------------
 There are 0 register/latch pins with constant_clock.


3. checking pulse_width_clock (0)
---------------------------------
 There are 0 register/latch pins which need pulse_width check


4. checking unconstrained_internal_endpoints (0)
------------------------------------------------
 There are 0 pins that are not constrained for maximum delay.

 There are 0 pins that are not constrained for maximum delay due to constant clock.


5. checking no_input_delay (0)
------------------------------
 There are 0 input ports with no input delay specified.

 There are 0 input ports with no input delay but user has a false path constraint.


6. checking no_output_delay (0)
-------------------------------
 There are 0 ports with no output delay specified.

 There are 0 ports with no output delay but user has a false path constraint

 There are 0 ports with no output delay but with a timing clock defined on it or propagating through it


7. checking multiple_clock (0)
------------------------------
 There are 0 register/latch pins with multiple clocks.


8. checking generated_clocks (0)
--------------------------------
 There are 0 generated clocks that are not connected to a clock source.


9. checking loops (0)
---------------------
 There are 0 combinational loops in the design.


10. checking partial_input_delay (0)
------------------------------------
 There are 0 input ports with partial input delay specified.


11. checking partial_output_delay (0)
-------------------------------------
 There are 0 ports with partial output delay specified.


12. checking latch_loops (0)
----------------------------
 There are 0 combinational latch loops in the design through latch input



------------------------------------------------------------------------------------------------
| Design Timing Summary
| ---------------------
------------------------------------------------------------------------------------------------

    WNS(ns)      TNS(ns)  TNS Failing Endpoints  TNS Total Endpoints      WHS(ns)      THS(ns)  THS Failing Endpoints  THS Total Endpoints     WPWS(ns)     TPWS(ns)  TPWS Failing Endpoints  TPWS Total Endpoints  
    -------      -------  ---------------------  -------------------      -------      -------  ---------------------  -------------------     --------     --------  ----------------------  --------------------  
        inf        0.000                      0                    2          inf        0.000                      0                    2           NA           NA                      NA                    NA  


There are no user specified timing constraints.


------------------------------------------------------------------------------------------------
| Clock Summary
| -------------
------------------------------------------------------------------------------------------------


------------------------------------------------------------------------------------------------
| Intra Clock Table
| -----------------
------------------------------------------------------------------------------------------------

Clock             WNS(ns)      TNS(ns)  TNS Failing Endpoints  TNS Total Endpoints      WHS(ns)      THS(ns)  THS Failing Endpoints  THS Total Endpoints     WPWS(ns)     TPWS(ns)  TPWS Failing Endpoints  TPWS Total Endpoints  
-----             -------      -------  ---------------------  -------------------      -------      -------  ---------------------  -------------------     --------     --------  ----------------------  --------------------  


------------------------------------------------------------------------------------------------
| Inter Clock Table
| -----------------
------------------------------------------------------------------------------------------------

From Clock    To Clock          WNS(ns)      TNS(ns)  TNS Failing Endpoints  TNS Total Endpoints      WHS(ns)      THS(ns)  THS Failing Endpoints  THS Total Endpoints  
----------    --------          -------      -------  ---------------------  -------------------      -------      -------  ---------------------  -------------------  


------------------------------------------------------------------------------------------------
| Other Path Groups Table
| -----------------------
------------------------------------------------------------------------------------------------

Path Group    From Clock    To Clock          WNS(ns)      TNS(ns)  TNS Failing Endpoints  TNS Total Endpoints      WHS(ns)      THS(ns)  THS Failing Endpoints  THS Total Endpoints  
----------    ----------    --------          -------      -------  ---------------------  -------------------      -------      -------  ---------------------  -------------------  


------------------------------------------------------------------------------------------------
| User Ignored Path Table
| -----------------------
------------------------------------------------------------------------------------------------

Path Group    From Clock    To Clock    
----------    ----------    --------    


------------------------------------------------------------------------------------------------
| Unconstrained Path Table
| ------------------------
------------------------------------------------------------------------------------------------

Path Group    From Clock    To Clock    
----------    ----------    --------    
(none)                                    


------------------------------------------------------------------------------------------------
| Timing Details
| --------------
------------------------------------------------------------------------------------------------


--------------------------------------------------------------------------------------
Path Group:  (none)
From Clock:  
  To Clock:  

Max Delay             2 Endpoints
Min Delay             2 Endpoints
--------------------------------------------------------------------------------------


Max Delay Paths
--------------------------------------------------------------------------------------
Slack:                    inf
  Source:                 P
                            (input port)
  Destination:            PO
                            (output port)
  Path Group:             (none)
  Path Type:              Max at Slow Process Corner
  Data Path Delay:        14.130ns  (logic 5.077ns (35.931%)  route 9.053ns (64.069%))
  Logic Levels:           3  (IBUF=1 LUT5=1 OBUF=1)

    Location             Delay type                Incr(ns)  Path(ns)    Netlist Resource(s)
  -------------------------------------------------------------------    -------------------
    C15                                               0.000     0.000 r  P (IN)
                         net (fo=0)                   0.000     0.000    P
    C15                  IBUF (Prop_ibuf_I_O)         1.450     1.450 r  P_IBUF_inst/O
                         net (fo=2, routed)           4.324     5.774    P_IBUF
    SLICE_X65Y93         LUT5 (Prop_lut5_I3_O)        0.124     5.898 r  PO_OBUF_inst_i_1/O
                         net (fo=1, routed)           4.729    10.627    PO_OBUF
    A15                  OBUF (Prop_obuf_I_O)         3.503    14.130 r  PO_OBUF_inst/O
                         net (fo=0)                   0.000    14.130    PO
    A15                                                               r  PO (OUT)
  -------------------------------------------------------------------    -------------------

Slack:                    inf
  Source:                 P
                            (input port)
  Destination:            PE
                            (output port)
  Path Group:             (none)
  Path Type:              Max at Slow Process Corner
  Data Path Delay:        11.307ns  (logic 5.309ns (46.950%)  route 5.998ns (53.050%))
  Logic Levels:           3  (IBUF=1 LUT5=1 OBUF=1)

    Location             Delay type                Incr(ns)  Path(ns)    Netlist Resource(s)
  -------------------------------------------------------------------    -------------------
    C15                                               0.000     0.000 r  P (IN)
                         net (fo=0)                   0.000     0.000    P
    C15                  IBUF (Prop_ibuf_I_O)         1.450     1.450 r  P_IBUF_inst/O
                         net (fo=2, routed)           4.324     5.774    P_IBUF
    SLICE_X65Y93         LUT5 (Prop_lut5_I1_O)        0.152     5.926 r  PE_OBUF_inst_i_1/O
                         net (fo=1, routed)           1.674     7.600    PE_OBUF
    H1                   OBUF (Prop_obuf_I_O)         3.707    11.307 r  PE_OBUF_inst/O
                         net (fo=0)                   0.000    11.307    PE
    H1                                                                r  PE (OUT)
  -------------------------------------------------------------------    -------------------





Min Delay Paths
--------------------------------------------------------------------------------------
Slack:                    inf
  Source:                 D[1]
                            (input port)
  Destination:            PE
                            (output port)
  Path Group:             (none)
  Path Type:              Min at Fast Process Corner
  Data Path Delay:        2.391ns  (logic 1.530ns (64.002%)  route 0.861ns (35.998%))
  Logic Levels:           3  (IBUF=1 LUT5=1 OBUF=1)

    Location             Delay type                Incr(ns)  Path(ns)    Netlist Resource(s)
  -------------------------------------------------------------------    -------------------
    L3                                                0.000     0.000 r  D[1] (IN)
                         net (fo=0)                   0.000     0.000    D[1]
    L3                   IBUF (Prop_ibuf_I_O)         0.217     0.217 r  D_IBUF[1]_inst/O
                         net (fo=2, routed)           0.533     0.750    D_IBUF[1]
    SLICE_X65Y93         LUT5 (Prop_lut5_I3_O)        0.046     0.796 r  PE_OBUF_inst_i_1/O
                         net (fo=1, routed)           0.328     1.123    PE_OBUF
    H1                   OBUF (Prop_obuf_I_O)         1.268     2.391 r  PE_OBUF_inst/O
                         net (fo=0)                   0.000     2.391    PE
    H1                                                                r  PE (OUT)
  -------------------------------------------------------------------    -------------------

Slack:                    inf
  Source:                 D[1]
                            (input port)
  Destination:            PO
                            (output port)
  Path Group:             (none)
  Path Type:              Min at Fast Process Corner
  Data Path Delay:        3.724ns  (logic 1.466ns (39.357%)  route 2.259ns (60.643%))
  Logic Levels:           3  (IBUF=1 LUT5=1 OBUF=1)

    Location             Delay type                Incr(ns)  Path(ns)    Netlist Resource(s)
  -------------------------------------------------------------------    -------------------
    L3                                                0.000     0.000 r  D[1] (IN)
                         net (fo=0)                   0.000     0.000    D[1]
    L3                   IBUF (Prop_ibuf_I_O)         0.217     0.217 r  D_IBUF[1]_inst/O
                         net (fo=2, routed)           0.533     0.750    D_IBUF[1]
    SLICE_X65Y93         LUT5 (Prop_lut5_I1_O)        0.045     0.795 r  PO_OBUF_inst_i_1/O
                         net (fo=1, routed)           1.726     2.520    PO_OBUF
    A15                  OBUF (Prop_obuf_I_O)         1.204     3.724 r  PO_OBUF_inst/O
                         net (fo=0)                   0.000     3.724    PO
    A15                                                               r  PO (OUT)
  -------------------------------------------------------------------    -------------------





