Copyright 1986-2022 Xilinx, Inc. All Rights Reserved.
--------------------------------------------------------------------------------------------------------------------------------------------------------
| Tool Version : Vivado v.2022.1 (win64) Build 3526262 Mon Apr 18 15:48:16 MDT 2022
| Date         : Thu Mar 20 00:59:52 2025
| Host         : hberkal running 64-bit major release  (build 9200)
| Command      : report_methodology -file s_mult_methodology_drc_routed.rpt -pb s_mult_methodology_drc_routed.pb -rpx s_mult_methodology_drc_routed.rpx
| Design       : s_mult
| Device       : xc7a35tcpg236-1
| Speed File   : -1
| Design State : Fully Routed
--------------------------------------------------------------------------------------------------------------------------------------------------------

Report Methodology

Table of Contents
-----------------
1. REPORT SUMMARY
2. REPORT DETAILS

1. REPORT SUMMARY
-----------------
            Netlist: netlist
          Floorplan: design_1
      Design limits: <entire design considered>
             Max violations: <unlimited>
             Violations found: 28
+-----------+----------+-------------------------------+------------+
| Rule      | Severity | Description                   | Violations |
+-----------+----------+-------------------------------+------------+
| SYNTH-9   | Warning  | Small multiplier              | 6          |
| TIMING-18 | Warning  | Missing input or output delay | 22         |
+-----------+----------+-------------------------------+------------+

2. REPORT DETAILS
-----------------
SYNTH-9#1 Warning
Small multiplier  
Detected multiplier at mult_reg[12]_i_1 of size 8x5, it is implemented as LUTs due to its small size. To force the multiplier onto a DSP block, use the USE_DSP48 attribute.
Related violations: <none>

SYNTH-9#2 Warning
Small multiplier  
Detected multiplier at mult_reg[12]_i_7 of size 8x5, it is implemented as LUTs due to its small size. To force the multiplier onto a DSP block, use the USE_DSP48 attribute.
Related violations: <none>

SYNTH-9#3 Warning
Small multiplier  
Detected multiplier at mult_reg[5]_i_1 of size 8x5, it is implemented as LUTs due to its small size. To force the multiplier onto a DSP block, use the USE_DSP48 attribute.
Related violations: <none>

SYNTH-9#4 Warning
Small multiplier  
Detected multiplier at mult_reg[5]_i_4 of size 8x5, it is implemented as LUTs due to its small size. To force the multiplier onto a DSP block, use the USE_DSP48 attribute.
Related violations: <none>

SYNTH-9#5 Warning
Small multiplier  
Detected multiplier at mult_reg[9]_i_1 of size 8x5, it is implemented as LUTs due to its small size. To force the multiplier onto a DSP block, use the USE_DSP48 attribute.
Related violations: <none>

SYNTH-9#6 Warning
Small multiplier  
Detected multiplier at mult_reg[9]_i_10 of size 8x5, it is implemented as LUTs due to its small size. To force the multiplier onto a DSP block, use the USE_DSP48 attribute.
Related violations: <none>

TIMING-18#1 Warning
Missing input or output delay  
An input delay is missing on m1[0] relative to clock(s) clk_pin
Related violations: <none>

TIMING-18#2 Warning
Missing input or output delay  
An input delay is missing on m1[1] relative to clock(s) clk_pin
Related violations: <none>

TIMING-18#3 Warning
Missing input or output delay  
An input delay is missing on m1[2] relative to clock(s) clk_pin
Related violations: <none>

TIMING-18#4 Warning
Missing input or output delay  
An input delay is missing on m1[3] relative to clock(s) clk_pin
Related violations: <none>

TIMING-18#5 Warning
Missing input or output delay  
An input delay is missing on m1[4] relative to clock(s) clk_pin
Related violations: <none>

TIMING-18#6 Warning
Missing input or output delay  
An input delay is missing on m1[5] relative to clock(s) clk_pin
Related violations: <none>

TIMING-18#7 Warning
Missing input or output delay  
An input delay is missing on m1[6] relative to clock(s) clk_pin
Related violations: <none>

TIMING-18#8 Warning
Missing input or output delay  
An input delay is missing on m1[7] relative to clock(s) clk_pin
Related violations: <none>

TIMING-18#9 Warning
Missing input or output delay  
An input delay is missing on m2[0] relative to clock(s) clk_pin
Related violations: <none>

TIMING-18#10 Warning
Missing input or output delay  
An input delay is missing on m2[1] relative to clock(s) clk_pin
Related violations: <none>

TIMING-18#11 Warning
Missing input or output delay  
An input delay is missing on m2[2] relative to clock(s) clk_pin
Related violations: <none>

TIMING-18#12 Warning
Missing input or output delay  
An input delay is missing on m2[3] relative to clock(s) clk_pin
Related violations: <none>

TIMING-18#13 Warning
Missing input or output delay  
An input delay is missing on m2[4] relative to clock(s) clk_pin
Related violations: <none>

TIMING-18#14 Warning
Missing input or output delay  
An input delay is missing on reset relative to clock(s) clk_pin
Related violations: <none>

TIMING-18#15 Warning
Missing input or output delay  
An output delay is missing on o[0] relative to clock(s) clk_pin
Related violations: <none>

TIMING-18#16 Warning
Missing input or output delay  
An output delay is missing on o[1] relative to clock(s) clk_pin
Related violations: <none>

TIMING-18#17 Warning
Missing input or output delay  
An output delay is missing on o[2] relative to clock(s) clk_pin
Related violations: <none>

TIMING-18#18 Warning
Missing input or output delay  
An output delay is missing on o[3] relative to clock(s) clk_pin
Related violations: <none>

TIMING-18#19 Warning
Missing input or output delay  
An output delay is missing on o[4] relative to clock(s) clk_pin
Related violations: <none>

TIMING-18#20 Warning
Missing input or output delay  
An output delay is missing on o[5] relative to clock(s) clk_pin
Related violations: <none>

TIMING-18#21 Warning
Missing input or output delay  
An output delay is missing on o[6] relative to clock(s) clk_pin
Related violations: <none>

TIMING-18#22 Warning
Missing input or output delay  
An output delay is missing on o[7] relative to clock(s) clk_pin
Related violations: <none>


