Vivado Simulator v2022.1
Copyright 1986-1999, 2001-2022 Xilinx, Inc. All Rights Reserved.
Running: D:/Xilinx/Vivado/2022.1/bin/unwrapped/win64.o/xelab.exe --incr --debug typical --relax --mt 2 -L xil_defaultlib -L secureip --snapshot dec2bcd_sim_func_synth xil_defaultlib.dec2bcd_sim -log elaborate.log 
Using 2 slave threads.
Starting static elaboration
Completed static elaboration
Starting simulation data flow analysis
Completed simulation data flow analysis
Time Resolution for simulation is 1ps
Compiling package std.standard
Compiling package std.textio
Compiling package ieee.std_logic_1164
Compiling package ieee.numeric_std
Compiling package unisim.vcomponents
Compiling package ieee.vital_timing
Compiling package ieee.vital_primitives
Compiling package unisim.vpkg
Compiling architecture ibuf_v of entity unisim.IBUF [\IBUF(1,9)(1,1)(1,4)(1,7)\]
Compiling architecture obuf_v of entity unisim.OBUF [\OBUF(1,9)(1,7)(1,4)\]
Compiling architecture lut5_v of entity unisim.LUT5 [\LUT5(init="10101010101010101110...]
Compiling architecture lut5_v of entity unisim.LUT5 [\LUT5(init="10111010101110111011...]
Compiling architecture lut3_v of entity unisim.LUT3 [\LUT3(init="00000010")(0,7)\]
Compiling architecture lut6_v of entity unisim.LUT6 [\LUT6(init="11101110111011111110...]
Compiling architecture lut6_v of entity unisim.LUT6 [\LUT6(init="00010001000100010001...]
Compiling architecture lut2_v of entity unisim.LUT2 [\LUT2(init="1110")(0,3)\]
Compiling architecture structure of entity xil_defaultlib.dec2bcd [dec2bcd_default]
Compiling architecture behavioral of entity xil_defaultlib.dec2bcd_sim
Built simulation snapshot dec2bcd_sim_func_synth
