Vivado Simulator v2022.1
Copyright 1986-1999, 2001-2022 Xilinx, Inc. All Rights Reserved.
Running: D:/Xilinx/Vivado/2022.1/bin/unwrapped/win64.o/xelab.exe --incr --debug typical --relax --mt 2 -L xil_defaultlib -L secureip --snapshot echo_sim2_behav xil_defaultlib.echo_sim2 -log elaborate.log 
Using 2 slave threads.
Starting static elaboration
Completed static elaboration
Starting simulation data flow analysis
Completed simulation data flow analysis
Time Resolution for simulation is 1ps
Compiling package std.standard
Compiling package std.textio
Compiling package ieee.std_logic_1164
Compiling package ieee.numeric_std
Compiling package ieee.std_logic_arith
Compiling package ieee.std_logic_signed
Compiling architecture behavioral of entity xil_defaultlib.delay [delay_default]
Compiling architecture behavioral of entity xil_defaultlib.delayline [\delayline(ndelay=4799)\]
Compiling architecture behavioral of entity xil_defaultlib.gain [gain_default]
Compiling architecture behavioral of entity xil_defaultlib.adder [\adder(nbits=16)\]
Compiling architecture behavioral of entity xil_defaultlib.echo_inf [echo_inf_default]
Compiling architecture behavioral of entity xil_defaultlib.echo_sim2
Built simulation snapshot echo_sim2_behav
