
*** Running vivado
    with args -log echo.vds -m64 -product Vivado -mode batch -messageDb vivado.pb -notrace -source echo.tcl



****** Vivado v2022.1 (64-bit)
  **** SW Build 3526262 on Mon Apr 18 15:48:16 MDT 2022
  **** IP Build 3524634 on Mon Apr 18 20:55:01 MDT 2022
    ** Copyright 1986-2022 Xilinx, Inc. All Rights Reserved.

source echo.tcl -notrace
create_project: Time (s): cpu = 00:00:07 ; elapsed = 00:00:09 . Memory (MB): peak = 1636.883 ; gain = 0.000
Command: read_checkpoint -auto_incremental -incremental D:/fpga/kitap1b/39_echo/39_echo.srcs/utils_1/imports/synth_1/echo.dcp
INFO: [Vivado 12-5825] Read reference checkpoint from D:/fpga/kitap1b/39_echo/39_echo.srcs/utils_1/imports/synth_1/echo.dcp for incremental synthesis
INFO: [Vivado 12-7989] Please ensure there are no constraint changes
Command: synth_design -top echo -part xc7a35tcpg236-1
Starting synth_design
Attempting to get a license for feature 'Synthesis' and/or device 'xc7a35t'
INFO: [Common 17-349] Got license for feature 'Synthesis' and/or device 'xc7a35t'
INFO: [Device 21-403] Loading part xc7a35tcpg236-1
INFO: [Designutils 20-5440] No compile time benefit to using incremental synthesis; A full resynthesis will be run
INFO: [Designutils 20-4379] Flow is switching to default flow due to incremental criteria not met. If you would like to alter this behaviour and have the flow terminate instead, please set the following parameter config_implementation {autoIncr.Synth.RejectBehavior Terminate}
INFO: [Synth 8-7079] Multithreading enabled for synth_design using a maximum of 2 processes.
INFO: [Synth 8-7078] Launching helper process for spawning children vivado processes
INFO: [Synth 8-7075] Helper process launched with PID 31340
---------------------------------------------------------------------------------
Starting RTL Elaboration : Time (s): cpu = 00:00:07 ; elapsed = 00:00:08 . Memory (MB): peak = 1636.883 ; gain = 0.000
---------------------------------------------------------------------------------
INFO: [Synth 8-638] synthesizing module 'echo' [D:/fpga/kitap1b/39_echo/39_echo.srcs/sources_1/new/echo.vhd:34]
INFO: [Synth 8-638] synthesizing module 'delayline' [D:/fpga/kitap1b/39_echo/39_echo.srcs/sources_1/new/delayline.vhd:30]
	Parameter nbits bound to: 16 - type: integer 
	Parameter fs bound to: 48000 - type: integer 
	Parameter ndelay bound to: 4799 - type: integer 
INFO: [Synth 8-638] synthesizing module 'delay' [D:/fpga/kitap1b/39_echo/39_echo.srcs/sources_1/new/delay.vhd:26]
	Parameter nbits bound to: 16 - type: integer 
INFO: [Synth 8-256] done synthesizing module 'delay' (0#1) [D:/fpga/kitap1b/39_echo/39_echo.srcs/sources_1/new/delay.vhd:26]
INFO: [Synth 8-256] done synthesizing module 'delayline' (0#1) [D:/fpga/kitap1b/39_echo/39_echo.srcs/sources_1/new/delayline.vhd:30]
INFO: [Synth 8-638] synthesizing module 'gain' [D:/fpga/kitap1b/39_echo/39_echo.srcs/sources_1/new/gain.vhd:30]
	Parameter nbits bound to: 16 - type: integer 
	Parameter ngain bound to: 5 - type: integer 
INFO: [Synth 8-256] done synthesizing module 'gain' (0#1) [D:/fpga/kitap1b/39_echo/39_echo.srcs/sources_1/new/gain.vhd:30]
INFO: [Synth 8-638] synthesizing module 'adder' [D:/fpga/kitap1b/39_echo/39_echo.srcs/sources_1/new/adder.vhd:28]
	Parameter nbits bound to: 16 - type: integer 
INFO: [Synth 8-256] done synthesizing module 'adder' (0#1) [D:/fpga/kitap1b/39_echo/39_echo.srcs/sources_1/new/adder.vhd:28]
INFO: [Synth 8-256] done synthesizing module 'echo' (0#1) [D:/fpga/kitap1b/39_echo/39_echo.srcs/sources_1/new/echo.vhd:34]
---------------------------------------------------------------------------------
Finished RTL Elaboration : Time (s): cpu = 00:00:19 ; elapsed = 00:00:21 . Memory (MB): peak = 1694.570 ; gain = 57.688
---------------------------------------------------------------------------------
---------------------------------------------------------------------------------
Start Handling Custom Attributes
---------------------------------------------------------------------------------
---------------------------------------------------------------------------------
Finished Handling Custom Attributes : Time (s): cpu = 00:00:19 ; elapsed = 00:00:21 . Memory (MB): peak = 1694.570 ; gain = 57.688
---------------------------------------------------------------------------------
---------------------------------------------------------------------------------
Finished RTL Optimization Phase 1 : Time (s): cpu = 00:00:19 ; elapsed = 00:00:21 . Memory (MB): peak = 1694.570 ; gain = 57.688
---------------------------------------------------------------------------------
Netlist sorting complete. Time (s): cpu = 00:00:01 ; elapsed = 00:00:00.964 . Memory (MB): peak = 1694.570 ; gain = 0.000
INFO: [Project 1-570] Preparing netlist for logic optimization

Processing XDC Constraints
Initializing timing engine
Parsing XDC File [D:/fpga/kitap1b/39_echo/39_echo.srcs/constrs_1/imports/kitap1b/Cmod-A7-Master.xdc]
Finished Parsing XDC File [D:/fpga/kitap1b/39_echo/39_echo.srcs/constrs_1/imports/kitap1b/Cmod-A7-Master.xdc]
INFO: [Project 1-236] Implementation specific constraints were found while reading constraint file [D:/fpga/kitap1b/39_echo/39_echo.srcs/constrs_1/imports/kitap1b/Cmod-A7-Master.xdc]. These constraints will be ignored for synthesis but will be used in implementation. Impacted constraints are listed in the file [.Xil/echo_propImpl.xdc].
Resolution: To avoid this warning, move constraints listed in [.Xil/echo_propImpl.xdc] to another XDC file and exclude this new file from synthesis with the used_in_synthesis property (File Properties dialog in GUI) and re-run elaboration/synthesis.
Completed Processing XDC Constraints

Netlist sorting complete. Time (s): cpu = 00:00:00 ; elapsed = 00:00:00.038 . Memory (MB): peak = 1929.008 ; gain = 0.000
INFO: [Project 1-111] Unisim Transformation Summary:
No Unisim elements were transformed.

Constraint Validation Runtime : Time (s): cpu = 00:00:01 ; elapsed = 00:00:00.627 . Memory (MB): peak = 1929.008 ; gain = 0.000
INFO: [Designutils 20-5440] No compile time benefit to using incremental synthesis; A full resynthesis will be run
INFO: [Designutils 20-4379] Flow is switching to default flow due to incremental criteria not met. If you would like to alter this behaviour and have the flow terminate instead, please set the following parameter config_implementation {autoIncr.Synth.RejectBehavior Terminate}
---------------------------------------------------------------------------------
Finished Constraint Validation : Time (s): cpu = 00:00:45 ; elapsed = 00:00:47 . Memory (MB): peak = 1929.008 ; gain = 292.125
---------------------------------------------------------------------------------
---------------------------------------------------------------------------------
Start Loading Part and Timing Information
---------------------------------------------------------------------------------
Loading part: xc7a35tcpg236-1
---------------------------------------------------------------------------------
Finished Loading Part and Timing Information : Time (s): cpu = 00:00:45 ; elapsed = 00:00:47 . Memory (MB): peak = 1929.008 ; gain = 292.125
---------------------------------------------------------------------------------
---------------------------------------------------------------------------------
Start Applying 'set_property' XDC Constraints
---------------------------------------------------------------------------------
---------------------------------------------------------------------------------
Finished applying 'set_property' XDC Constraints : Time (s): cpu = 00:00:45 ; elapsed = 00:00:47 . Memory (MB): peak = 1929.008 ; gain = 292.125
---------------------------------------------------------------------------------
---------------------------------------------------------------------------------
Finished RTL Optimization Phase 2 : Time (s): cpu = 00:00:50 ; elapsed = 00:00:51 . Memory (MB): peak = 1929.008 ; gain = 292.125
---------------------------------------------------------------------------------
---------------------------------------------------------------------------------
Start RTL Component Statistics 
---------------------------------------------------------------------------------
Detailed RTL Component Info : 
+---Adders : 
	   2 Input   17 Bit       Adders := 1     
+---Registers : 
	               17 Bit    Registers := 1     
	               16 Bit    Registers := 4799  
---------------------------------------------------------------------------------
Finished RTL Component Statistics 
---------------------------------------------------------------------------------
---------------------------------------------------------------------------------
Start Part Resource Summary
---------------------------------------------------------------------------------
Part Resources:
DSPs: 90 (col length:60)
BRAMs: 100 (col length: RAMB18 60 RAMB36 30)
---------------------------------------------------------------------------------
Finished Part Resource Summary
---------------------------------------------------------------------------------
---------------------------------------------------------------------------------
Start Cross Boundary and Area Optimization
---------------------------------------------------------------------------------
WARNING: [Synth 8-7080] Parallel synthesis criteria is not met
---------------------------------------------------------------------------------
Finished Cross Boundary and Area Optimization : Time (s): cpu = 00:01:50 ; elapsed = 00:01:52 . Memory (MB): peak = 1929.008 ; gain = 292.125
---------------------------------------------------------------------------------
---------------------------------------------------------------------------------
Start Applying XDC Timing Constraints
---------------------------------------------------------------------------------
---------------------------------------------------------------------------------
Finished Applying XDC Timing Constraints : Time (s): cpu = 00:01:54 ; elapsed = 00:01:56 . Memory (MB): peak = 1929.008 ; gain = 292.125
---------------------------------------------------------------------------------
---------------------------------------------------------------------------------
Start Timing Optimization
---------------------------------------------------------------------------------
---------------------------------------------------------------------------------
Finished Timing Optimization : Time (s): cpu = 00:01:58 ; elapsed = 00:02:00 . Memory (MB): peak = 1929.008 ; gain = 292.125
---------------------------------------------------------------------------------
---------------------------------------------------------------------------------
Start Technology Mapping
---------------------------------------------------------------------------------
---------------------------------------------------------------------------------
Finished Technology Mapping : Time (s): cpu = 00:02:01 ; elapsed = 00:02:03 . Memory (MB): peak = 1929.008 ; gain = 292.125
---------------------------------------------------------------------------------
---------------------------------------------------------------------------------
Start IO Insertion
---------------------------------------------------------------------------------
---------------------------------------------------------------------------------
Start Flattening Before IO Insertion
---------------------------------------------------------------------------------
---------------------------------------------------------------------------------
Finished Flattening Before IO Insertion
---------------------------------------------------------------------------------
---------------------------------------------------------------------------------
Start Final Netlist Cleanup
---------------------------------------------------------------------------------
---------------------------------------------------------------------------------
Finished Final Netlist Cleanup
---------------------------------------------------------------------------------
---------------------------------------------------------------------------------
Finished IO Insertion : Time (s): cpu = 00:02:03 ; elapsed = 00:02:05 . Memory (MB): peak = 1929.008 ; gain = 292.125
---------------------------------------------------------------------------------
---------------------------------------------------------------------------------
Start Renaming Generated Instances
---------------------------------------------------------------------------------
---------------------------------------------------------------------------------
Finished Renaming Generated Instances : Time (s): cpu = 00:02:03 ; elapsed = 00:02:05 . Memory (MB): peak = 1929.008 ; gain = 292.125
---------------------------------------------------------------------------------
---------------------------------------------------------------------------------
Start Rebuilding User Hierarchy
---------------------------------------------------------------------------------
---------------------------------------------------------------------------------
Finished Rebuilding User Hierarchy : Time (s): cpu = 00:02:03 ; elapsed = 00:02:06 . Memory (MB): peak = 1929.008 ; gain = 292.125
---------------------------------------------------------------------------------
---------------------------------------------------------------------------------
Start Renaming Generated Ports
---------------------------------------------------------------------------------
---------------------------------------------------------------------------------
Finished Renaming Generated Ports : Time (s): cpu = 00:02:03 ; elapsed = 00:02:06 . Memory (MB): peak = 1929.008 ; gain = 292.125
---------------------------------------------------------------------------------
---------------------------------------------------------------------------------
Start Handling Custom Attributes
---------------------------------------------------------------------------------
---------------------------------------------------------------------------------
Finished Handling Custom Attributes : Time (s): cpu = 00:02:03 ; elapsed = 00:02:06 . Memory (MB): peak = 1929.008 ; gain = 292.125
---------------------------------------------------------------------------------
---------------------------------------------------------------------------------
Start Renaming Generated Nets
---------------------------------------------------------------------------------
---------------------------------------------------------------------------------
Finished Renaming Generated Nets : Time (s): cpu = 00:02:03 ; elapsed = 00:02:06 . Memory (MB): peak = 1929.008 ; gain = 292.125
---------------------------------------------------------------------------------
---------------------------------------------------------------------------------
Start ROM, RAM, DSP, Shift Register and Retiming Reporting
---------------------------------------------------------------------------------

Static Shift Register Report:
+---------------+--------------------------------------------------------+--------+-------+--------------+--------------------+-------------------+--------+---------+
|Module Name    | RTL Name                                               | Length | Width | Reset Signal | Pull out first Reg | Pull out last Reg | SRL16E | SRLC32E | 
+---------------+--------------------------------------------------------+--------+-------+--------------+--------------------+-------------------+--------+---------+
|delayline__GB1 | delay_gen[4797].delay_inst/dout_reg[15]                | 1200   | 16    | YES          | NO                 | YES               | 0      | 608     | 
|delayline__GB2 | delay_gen[2398].delay_inst/dout_reg[15]                | 1200   | 16    | YES          | NO                 | YES               | 0      | 608     | 
|delayline__GB3 | delay_gen[1198].delay_inst/dout_reg[15]                | 1199   | 16    | YES          | NO                 | YES               | 0      | 608     | 
|echo_GT0       | delayline_inst/delay_gen[3597].delay_inst/dout_reg[15] | 1199   | 16    | YES          | NO                 | YES               | 0      | 608     | 
|echo           | delayline_inst/delay_gen_r_1197                        | 1199   | 1     | YES          | NO                 | YES               | 0      | 38      | 
|echo           | delayline_inst/delay_gen_r_2396                        | 1199   | 1     | YES          | NO                 | YES               | 0      | 38      | 
|echo           | delayline_inst/delay_gen_r_3594                        | 1198   | 1     | YES          | NO                 | YES               | 0      | 38      | 
|echo           | delayline_inst/delay_gen_r_4791                        | 1198   | 1     | YES          | NO                 | YES               | 0      | 38      | 
+---------------+--------------------------------------------------------+--------+-------+--------------+--------------------+-------------------+--------+---------+

---------------------------------------------------------------------------------
Finished ROM, RAM, DSP, Shift Register and Retiming Reporting
---------------------------------------------------------------------------------
---------------------------------------------------------------------------------
Start Writing Synthesis Report
---------------------------------------------------------------------------------

Report BlackBoxes: 
+-+--------------+----------+
| |BlackBox name |Instances |
+-+--------------+----------+
+-+--------------+----------+

Report Cell Usage: 
+------+--------+------+
|      |Cell    |Count |
+------+--------+------+
|1     |BUFG    |     1|
|2     |CARRY4  |    15|
|3     |LUT1    |     1|
|4     |LUT2    |   101|
|5     |LUT3    |     3|
|6     |LUT4    |     4|
|7     |LUT5    |    18|
|8     |LUT6    |    45|
|9     |SRLC32E |  2584|
|10    |FDRE    |  1382|
|11    |IBUF    |    23|
|12    |OBUF    |    16|
+------+--------+------+
---------------------------------------------------------------------------------
Finished Writing Synthesis Report : Time (s): cpu = 00:02:03 ; elapsed = 00:02:06 . Memory (MB): peak = 1929.008 ; gain = 292.125
---------------------------------------------------------------------------------
Synthesis finished with 0 errors, 0 critical warnings and 1 warnings.
Synthesis Optimization Runtime : Time (s): cpu = 00:01:28 ; elapsed = 00:01:50 . Memory (MB): peak = 1929.008 ; gain = 57.688
Synthesis Optimization Complete : Time (s): cpu = 00:02:04 ; elapsed = 00:02:06 . Memory (MB): peak = 1929.008 ; gain = 292.125
INFO: [Project 1-571] Translating synthesized netlist
Netlist sorting complete. Time (s): cpu = 00:00:00 ; elapsed = 00:00:00.028 . Memory (MB): peak = 1929.008 ; gain = 0.000
INFO: [Netlist 29-17] Analyzing 15 Unisim elements for replacement
INFO: [Netlist 29-28] Unisim Transformation completed in 0 CPU seconds
INFO: [Project 1-570] Preparing netlist for logic optimization
INFO: [Opt 31-138] Pushed 0 inverter(s) to 0 load pin(s).
Netlist sorting complete. Time (s): cpu = 00:00:00 ; elapsed = 00:00:00.001 . Memory (MB): peak = 1929.008 ; gain = 0.000
INFO: [Project 1-111] Unisim Transformation Summary:
No Unisim elements were transformed.

Synth Design complete, checksum: 2cd0b537
INFO: [Common 17-83] Releasing license: Synthesis
31 Infos, 1 Warnings, 0 Critical Warnings and 0 Errors encountered.
synth_design completed successfully
synth_design: Time (s): cpu = 00:02:09 ; elapsed = 00:02:16 . Memory (MB): peak = 1929.008 ; gain = 292.125
INFO: [Common 17-1381] The checkpoint 'D:/fpga/kitap1b/39_echo/39_echo.runs/synth_1/echo.dcp' has been generated.
INFO: [runtcl-4] Executing : report_utilization -file echo_utilization_synth.rpt -pb echo_utilization_synth.pb
INFO: [Common 17-206] Exiting Vivado at Mon Apr  7 12:07:30 2025...
