
*** Running vivado
    with args -log oneshot.vdi -applog -m64 -product Vivado -messageDb vivado.pb -mode batch -source oneshot.tcl -notrace



****** Vivado v2022.1 (64-bit)
  **** SW Build 3526262 on Mon Apr 18 15:48:16 MDT 2022
  **** IP Build 3524634 on Mon Apr 18 20:55:01 MDT 2022
    ** Copyright 1986-2022 Xilinx, Inc. All Rights Reserved.

source oneshot.tcl -notrace
Command: link_design -top oneshot -part xc7a35tcpg236-1
Design is defaulting to srcset: sources_1
Design is defaulting to constrset: constrs_1
INFO: [Device 21-403] Loading part xc7a35tcpg236-1
Netlist sorting complete. Time (s): cpu = 00:00:00 ; elapsed = 00:00:00 . Memory (MB): peak = 1677.098 ; gain = 0.000
INFO: [Project 1-479] Netlist was created with Vivado 2022.1
INFO: [Project 1-570] Preparing netlist for logic optimization
Parsing XDC File [D:/fpga/kitap1b/21_oneshot/21_oneshot.srcs/constrs_1/imports/kitap1b/Cmod-A7-Master.xdc]
Finished Parsing XDC File [D:/fpga/kitap1b/21_oneshot/21_oneshot.srcs/constrs_1/imports/kitap1b/Cmod-A7-Master.xdc]
INFO: [Opt 31-138] Pushed 0 inverter(s) to 0 load pin(s).
Netlist sorting complete. Time (s): cpu = 00:00:00 ; elapsed = 00:00:00 . Memory (MB): peak = 1677.098 ; gain = 0.000
INFO: [Project 1-111] Unisim Transformation Summary:
No Unisim elements were transformed.

5 Infos, 0 Warnings, 0 Critical Warnings and 0 Errors encountered.
link_design completed successfully
Command: opt_design
Attempting to get a license for feature 'Implementation' and/or device 'xc7a35t'
INFO: [Common 17-349] Got license for feature 'Implementation' and/or device 'xc7a35t'
Running DRC as a precondition to command opt_design

Starting DRC Task
INFO: [DRC 23-27] Running DRC with 2 threads
INFO: [Project 1-461] DRC finished with 0 Errors
INFO: [Project 1-462] Please refer to the DRC report (report_drc) for more information.

Time (s): cpu = 00:00:00 ; elapsed = 00:00:00.495 . Memory (MB): peak = 1677.098 ; gain = 0.000

Starting Cache Timing Information Task
INFO: [Timing 38-35] Done setting XDC timing constraints.
Ending Cache Timing Information Task | Checksum: 1b1156315

Time (s): cpu = 00:00:04 ; elapsed = 00:00:04 . Memory (MB): peak = 1845.285 ; gain = 168.188

Starting Logic Optimization Task

Phase 1 Retarget
INFO: [Opt 31-138] Pushed 0 inverter(s) to 0 load pin(s).
In IDDR TRANSFORM
INFO: [Opt 31-49] Retargeted 0 cell(s).
Phase 1 Retarget | Checksum: 1b1156315

Time (s): cpu = 00:00:00 ; elapsed = 00:00:00.007 . Memory (MB): peak = 2157.613 ; gain = 0.000
INFO: [Opt 31-389] Phase Retarget created 0 cells and removed 0 cells

Phase 2 Constant propagation
INFO: [Opt 31-138] Pushed 0 inverter(s) to 0 load pin(s).
Phase 2 Constant propagation | Checksum: 1b1156315

Time (s): cpu = 00:00:00 ; elapsed = 00:00:00.008 . Memory (MB): peak = 2157.613 ; gain = 0.000
INFO: [Opt 31-389] Phase Constant propagation created 0 cells and removed 0 cells

Phase 3 Sweep
Phase 3 Sweep | Checksum: 1b1156315

Time (s): cpu = 00:00:00 ; elapsed = 00:00:00.008 . Memory (MB): peak = 2157.613 ; gain = 0.000
INFO: [Opt 31-389] Phase Sweep created 0 cells and removed 0 cells

Phase 4 BUFG optimization
Phase 4 BUFG optimization | Checksum: 1b1156315

Time (s): cpu = 00:00:00 ; elapsed = 00:00:00.022 . Memory (MB): peak = 2157.613 ; gain = 0.000
INFO: [Opt 31-662] Phase BUFG optimization created 0 cells of which 0 are BUFGs and removed 0 cells.

Phase 5 Shift Register Optimization
INFO: [Opt 31-1064] SRL Remap converted 0 SRLs to 0 registers and converted 0 registers of register chains to 0 SRLs
Phase 5 Shift Register Optimization | Checksum: 1b1156315

Time (s): cpu = 00:00:00 ; elapsed = 00:00:00.022 . Memory (MB): peak = 2157.613 ; gain = 0.000
INFO: [Opt 31-389] Phase Shift Register Optimization created 0 cells and removed 0 cells

Phase 6 Post Processing Netlist
Phase 6 Post Processing Netlist | Checksum: 1b1156315

Time (s): cpu = 00:00:00 ; elapsed = 00:00:00.022 . Memory (MB): peak = 2157.613 ; gain = 0.000
INFO: [Opt 31-389] Phase Post Processing Netlist created 0 cells and removed 0 cells
Opt_design Change Summary
=========================


-------------------------------------------------------------------------------------------------------------------------
|  Phase                        |  #Cells created  |  #Cells Removed  |  #Constrained objects preventing optimizations  |
-------------------------------------------------------------------------------------------------------------------------
|  Retarget                     |               0  |               0  |                                              0  |
|  Constant propagation         |               0  |               0  |                                              0  |
|  Sweep                        |               0  |               0  |                                              0  |
|  BUFG optimization            |               0  |               0  |                                              0  |
|  Shift Register Optimization  |               0  |               0  |                                              0  |
|  Post Processing Netlist      |               0  |               0  |                                              0  |
-------------------------------------------------------------------------------------------------------------------------



Starting Connectivity Check Task

Time (s): cpu = 00:00:00 ; elapsed = 00:00:00 . Memory (MB): peak = 2157.613 ; gain = 0.000
Ending Logic Optimization Task | Checksum: 1b1156315

Time (s): cpu = 00:00:00 ; elapsed = 00:00:00.023 . Memory (MB): peak = 2157.613 ; gain = 0.000

Starting Power Optimization Task
INFO: [Pwropt 34-132] Skipping clock gating for clocks with a period < 2.00 ns.
Ending Power Optimization Task | Checksum: 1b1156315

Time (s): cpu = 00:00:00 ; elapsed = 00:00:00.004 . Memory (MB): peak = 2157.613 ; gain = 0.000

Starting Final Cleanup Task
Ending Final Cleanup Task | Checksum: 1b1156315

Time (s): cpu = 00:00:00 ; elapsed = 00:00:00.001 . Memory (MB): peak = 2157.613 ; gain = 0.000

Starting Netlist Obfuscation Task
Netlist sorting complete. Time (s): cpu = 00:00:00 ; elapsed = 00:00:00 . Memory (MB): peak = 2157.613 ; gain = 0.000
Ending Netlist Obfuscation Task | Checksum: 1b1156315

Time (s): cpu = 00:00:00 ; elapsed = 00:00:00 . Memory (MB): peak = 2157.613 ; gain = 0.000
INFO: [Common 17-83] Releasing license: Implementation
22 Infos, 0 Warnings, 0 Critical Warnings and 0 Errors encountered.
opt_design completed successfully
opt_design: Time (s): cpu = 00:00:06 ; elapsed = 00:00:07 . Memory (MB): peak = 2157.613 ; gain = 480.516
INFO: [Timing 38-480] Writing timing data to binary archive.
Writing XDEF routing.
Writing XDEF routing logical nets.
Writing XDEF routing special nets.
Write XDEF Complete: Time (s): cpu = 00:00:00 ; elapsed = 00:00:00.016 . Memory (MB): peak = 2157.613 ; gain = 0.000
INFO: [Common 17-1381] The checkpoint 'D:/fpga/kitap1b/21_oneshot/21_oneshot.runs/impl_1/oneshot_opt.dcp' has been generated.
INFO: [runtcl-4] Executing : report_drc -file oneshot_drc_opted.rpt -pb oneshot_drc_opted.pb -rpx oneshot_drc_opted.rpx
Command: report_drc -file oneshot_drc_opted.rpt -pb oneshot_drc_opted.pb -rpx oneshot_drc_opted.rpx
INFO: [IP_Flow 19-234] Refreshing IP repositories
INFO: [IP_Flow 19-1704] No user IP repositories specified
INFO: [IP_Flow 19-2313] Loaded Vivado IP repository 'D:/Xilinx/Vivado/2022.1/data/ip'.
INFO: [Timing 38-35] Done setting XDC timing constraints.
INFO: [DRC 23-27] Running DRC with 2 threads
INFO: [Vivado_Tcl 2-168] The results of DRC are in file D:/fpga/kitap1b/21_oneshot/21_oneshot.runs/impl_1/oneshot_drc_opted.rpt.
report_drc completed successfully
Command: place_design
Attempting to get a license for feature 'Implementation' and/or device 'xc7a35t'
INFO: [Common 17-349] Got license for feature 'Implementation' and/or device 'xc7a35t'
INFO: [DRC 23-27] Running DRC with 2 threads
INFO: [Vivado_Tcl 4-198] DRC finished with 0 Errors
INFO: [Vivado_Tcl 4-199] Please refer to the DRC report (report_drc) for more information.
Running DRC as a precondition to command place_design
INFO: [DRC 23-27] Running DRC with 2 threads
INFO: [Vivado_Tcl 4-198] DRC finished with 0 Errors
INFO: [Vivado_Tcl 4-199] Please refer to the DRC report (report_drc) for more information.

Starting Placer Task
INFO: [Place 30-611] Multithreading enabled for place_design using a maximum of 2 CPUs

Phase 1 Placer Initialization

Phase 1.1 Placer Initialization Netlist Sorting
Netlist sorting complete. Time (s): cpu = 00:00:00 ; elapsed = 00:00:00 . Memory (MB): peak = 2197.785 ; gain = 0.000
Phase 1.1 Placer Initialization Netlist Sorting | Checksum: 11ea78179

Time (s): cpu = 00:00:00 ; elapsed = 00:00:00.003 . Memory (MB): peak = 2197.785 ; gain = 0.000
Netlist sorting complete. Time (s): cpu = 00:00:00 ; elapsed = 00:00:00 . Memory (MB): peak = 2197.785 ; gain = 0.000

Phase 1.2 IO Placement/ Clock Placement/ Build Placer Device
Phase 1.2 IO Placement/ Clock Placement/ Build Placer Device | Checksum: 791bbb6c

Time (s): cpu = 00:00:00 ; elapsed = 00:00:00.093 . Memory (MB): peak = 2197.785 ; gain = 0.000

Phase 1.3 Build Placer Netlist Model
Phase 1.3 Build Placer Netlist Model | Checksum: 80a3291c

Time (s): cpu = 00:00:00 ; elapsed = 00:00:00.123 . Memory (MB): peak = 2197.785 ; gain = 0.000

Phase 1.4 Constrain Clocks/Macros
Phase 1.4 Constrain Clocks/Macros | Checksum: 80a3291c

Time (s): cpu = 00:00:00 ; elapsed = 00:00:00.124 . Memory (MB): peak = 2197.785 ; gain = 0.000
Phase 1 Placer Initialization | Checksum: 80a3291c

Time (s): cpu = 00:00:00 ; elapsed = 00:00:00.126 . Memory (MB): peak = 2197.785 ; gain = 0.000

Phase 2 Global Placement

Phase 2.1 Floorplanning
Phase 2.1 Floorplanning | Checksum: a5a78795

Time (s): cpu = 00:00:00 ; elapsed = 00:00:00.159 . Memory (MB): peak = 2197.785 ; gain = 0.000

Phase 2.2 Update Timing before SLR Path Opt
Phase 2.2 Update Timing before SLR Path Opt | Checksum: be85e3fd

Time (s): cpu = 00:00:00 ; elapsed = 00:00:00.177 . Memory (MB): peak = 2197.785 ; gain = 0.000

Phase 2.3 Post-Processing in Floorplanning
Phase 2.3 Post-Processing in Floorplanning | Checksum: be85e3fd

Time (s): cpu = 00:00:00 ; elapsed = 00:00:00.178 . Memory (MB): peak = 2197.785 ; gain = 0.000

Phase 2.4 Global Placement Core

Phase 2.4.1 Physical Synthesis In Placer
INFO: [Physopt 32-1044] Break lutnm for timing: one critical 0, two critical 0, total 0, new lutff created 0
INFO: [Physopt 32-1138] End 1 Pass. Optimized 0 net or LUT. Breaked 0 LUT, combined 0 existing LUT and moved 0 existing LUT
INFO: [Physopt 32-65] No nets found for high-fanout optimization.
INFO: [Physopt 32-232] Optimized 0 net. Created 0 new instance.
INFO: [Physopt 32-775] End 1 Pass. Optimized 0 net or cell. Created 0 new cell, deleted 0 existing cell and moved 0 existing cell
INFO: [Physopt 32-670] No setup violation found.  DSP Register Optimization was not performed.
INFO: [Physopt 32-670] No setup violation found.  Shift Register to Pipeline Optimization was not performed.
INFO: [Physopt 32-670] No setup violation found.  Shift Register Optimization was not performed.
INFO: [Physopt 32-670] No setup violation found.  BRAM Register Optimization was not performed.
INFO: [Physopt 32-670] No setup violation found.  URAM Register Optimization was not performed.
INFO: [Physopt 32-949] No candidate nets found for dynamic/static region interface net replication
INFO: [Physopt 32-775] End 1 Pass. Optimized 0 net or cell. Created 0 new cell, deleted 0 existing cell and moved 0 existing cell
Netlist sorting complete. Time (s): cpu = 00:00:00 ; elapsed = 00:00:00 . Memory (MB): peak = 2197.785 ; gain = 0.000

Summary of Physical Synthesis Optimizations
============================================


-----------------------------------------------------------------------------------------------------------------------------------------------------------
|  Optimization                                     |  Added Cells  |  Removed Cells  |  Optimized Cells/Nets  |  Dont Touch  |  Iterations  |  Elapsed   |
-----------------------------------------------------------------------------------------------------------------------------------------------------------
|  LUT Combining                                    |            0  |              0  |                     0  |           0  |           1  |  00:00:00  |
|  Retime                                           |            0  |              0  |                     0  |           0  |           1  |  00:00:00  |
|  Very High Fanout                                 |            0  |              0  |                     0  |           0  |           1  |  00:00:00  |
|  DSP Register                                     |            0  |              0  |                     0  |           0  |           0  |  00:00:00  |
|  Shift Register to Pipeline                       |            0  |              0  |                     0  |           0  |           0  |  00:00:00  |
|  Shift Register                                   |            0  |              0  |                     0  |           0  |           0  |  00:00:00  |
|  BRAM Register                                    |            0  |              0  |                     0  |           0  |           0  |  00:00:00  |
|  URAM Register                                    |            0  |              0  |                     0  |           0  |           0  |  00:00:00  |
|  Dynamic/Static Region Interface Net Replication  |            0  |              0  |                     0  |           0  |           1  |  00:00:00  |
|  Total                                            |            0  |              0  |                     0  |           0  |           4  |  00:00:00  |
-----------------------------------------------------------------------------------------------------------------------------------------------------------


Phase 2.4.1 Physical Synthesis In Placer | Checksum: eed3a6fb

Time (s): cpu = 00:00:00 ; elapsed = 00:00:00.393 . Memory (MB): peak = 2197.785 ; gain = 0.000
Phase 2.4 Global Placement Core | Checksum: 1277b0d2d

Time (s): cpu = 00:00:00 ; elapsed = 00:00:00.409 . Memory (MB): peak = 2197.785 ; gain = 0.000
Phase 2 Global Placement | Checksum: 1277b0d2d

Time (s): cpu = 00:00:00 ; elapsed = 00:00:00.410 . Memory (MB): peak = 2197.785 ; gain = 0.000

Phase 3 Detail Placement

Phase 3.1 Commit Multi Column Macros
Phase 3.1 Commit Multi Column Macros | Checksum: a4a79713

Time (s): cpu = 00:00:00 ; elapsed = 00:00:00.429 . Memory (MB): peak = 2197.785 ; gain = 0.000

Phase 3.2 Commit Most Macros & LUTRAMs
Phase 3.2 Commit Most Macros & LUTRAMs | Checksum: 15fd034c3

Time (s): cpu = 00:00:00 ; elapsed = 00:00:00.450 . Memory (MB): peak = 2197.785 ; gain = 0.000

Phase 3.3 Area Swap Optimization
Phase 3.3 Area Swap Optimization | Checksum: 8d7fc33a

Time (s): cpu = 00:00:00 ; elapsed = 00:00:00.453 . Memory (MB): peak = 2197.785 ; gain = 0.000

Phase 3.4 Pipeline Register Optimization
Phase 3.4 Pipeline Register Optimization | Checksum: 8d7fc33a

Time (s): cpu = 00:00:00 ; elapsed = 00:00:00.453 . Memory (MB): peak = 2197.785 ; gain = 0.000

Phase 3.5 Small Shape Detail Placement
Phase 3.5 Small Shape Detail Placement | Checksum: 168a6a75b

Time (s): cpu = 00:00:00 ; elapsed = 00:00:00.502 . Memory (MB): peak = 2197.785 ; gain = 0.000

Phase 3.6 Re-assign LUT pins
Phase 3.6 Re-assign LUT pins | Checksum: 168a6a75b

Time (s): cpu = 00:00:00 ; elapsed = 00:00:00.503 . Memory (MB): peak = 2197.785 ; gain = 0.000

Phase 3.7 Pipeline Register Optimization
Phase 3.7 Pipeline Register Optimization | Checksum: 168a6a75b

Time (s): cpu = 00:00:00 ; elapsed = 00:00:00.503 . Memory (MB): peak = 2197.785 ; gain = 0.000
Phase 3 Detail Placement | Checksum: 168a6a75b

Time (s): cpu = 00:00:00 ; elapsed = 00:00:00.504 . Memory (MB): peak = 2197.785 ; gain = 0.000

Phase 4 Post Placement Optimization and Clean-Up

Phase 4.1 Post Commit Optimization
INFO: [Timing 38-35] Done setting XDC timing constraints.

Phase 4.1.1 Post Placement Optimization
Post Placement Optimization Initialization | Checksum: eb5320fd

Phase 4.1.1.1 BUFG Insertion

Starting Physical Synthesis Task

Phase 1 Physical Synthesis Initialization
INFO: [Physopt 32-721] Multithreading enabled for phys_opt_design using a maximum of 2 CPUs
INFO: [Physopt 32-619] Estimated Timing Summary | WNS=17.619 | TNS=0.000 |
Phase 1 Physical Synthesis Initialization | Checksum: 12c1c9973

Time (s): cpu = 00:00:00 ; elapsed = 00:00:00.005 . Memory (MB): peak = 2197.785 ; gain = 0.000
INFO: [Place 46-56] BUFG insertion identified 0 candidate nets. Inserted BUFG: 0, Replicated BUFG Driver: 0, Skipped due to Placement/Routing Conflicts: 0, Skipped due to Timing Degradation: 0, Skipped due to Illegal Netlist: 0.
Ending Physical Synthesis Task | Checksum: 14780607d

Time (s): cpu = 00:00:00 ; elapsed = 00:00:00.006 . Memory (MB): peak = 2197.785 ; gain = 0.000
Phase 4.1.1.1 BUFG Insertion | Checksum: eb5320fd

Time (s): cpu = 00:00:01 ; elapsed = 00:00:00.533 . Memory (MB): peak = 2197.785 ; gain = 0.000

Phase 4.1.1.2 Post Placement Timing Optimization
INFO: [Place 30-746] Post Placement Timing Summary WNS=17.619. For the most accurate timing information please run report_timing.
Phase 4.1.1.2 Post Placement Timing Optimization | Checksum: 17a3ae045

Time (s): cpu = 00:00:01 ; elapsed = 00:00:00.533 . Memory (MB): peak = 2197.785 ; gain = 0.000

Time (s): cpu = 00:00:01 ; elapsed = 00:00:00.534 . Memory (MB): peak = 2197.785 ; gain = 0.000
Phase 4.1 Post Commit Optimization | Checksum: 17a3ae045

Time (s): cpu = 00:00:01 ; elapsed = 00:00:00.534 . Memory (MB): peak = 2197.785 ; gain = 0.000

Phase 4.2 Post Placement Cleanup
Phase 4.2 Post Placement Cleanup | Checksum: 17a3ae045

Time (s): cpu = 00:00:01 ; elapsed = 00:00:00.535 . Memory (MB): peak = 2197.785 ; gain = 0.000

Phase 4.3 Placer Reporting

Phase 4.3.1 Print Estimated Congestion
INFO: [Place 30-612] Post-Placement Estimated Congestion 
 ____________________________________________________
|           | Global Congestion | Short Congestion  |
| Direction | Region Size       | Region Size       |
|___________|___________________|___________________|
|      North|                1x1|                1x1|
|___________|___________________|___________________|
|      South|                1x1|                1x1|
|___________|___________________|___________________|
|       East|                1x1|                1x1|
|___________|___________________|___________________|
|       West|                1x1|                1x1|
|___________|___________________|___________________|

Phase 4.3.1 Print Estimated Congestion | Checksum: 17a3ae045

Time (s): cpu = 00:00:01 ; elapsed = 00:00:00.536 . Memory (MB): peak = 2197.785 ; gain = 0.000
Phase 4.3 Placer Reporting | Checksum: 17a3ae045

Time (s): cpu = 00:00:01 ; elapsed = 00:00:00.536 . Memory (MB): peak = 2197.785 ; gain = 0.000

Phase 4.4 Final Placement Cleanup
Netlist sorting complete. Time (s): cpu = 00:00:00 ; elapsed = 00:00:00 . Memory (MB): peak = 2197.785 ; gain = 0.000

Time (s): cpu = 00:00:01 ; elapsed = 00:00:00.538 . Memory (MB): peak = 2197.785 ; gain = 0.000
Phase 4 Post Placement Optimization and Clean-Up | Checksum: 19916b73d

Time (s): cpu = 00:00:01 ; elapsed = 00:00:00.538 . Memory (MB): peak = 2197.785 ; gain = 0.000
Ending Placer Task | Checksum: d3ee55d9

Time (s): cpu = 00:00:01 ; elapsed = 00:00:00.538 . Memory (MB): peak = 2197.785 ; gain = 0.000
INFO: [Common 17-83] Releasing license: Implementation
58 Infos, 0 Warnings, 0 Critical Warnings and 0 Errors encountered.
place_design completed successfully
INFO: [Timing 38-480] Writing timing data to binary archive.
Writing XDEF routing.
Writing XDEF routing logical nets.
Writing XDEF routing special nets.
Write XDEF Complete: Time (s): cpu = 00:00:00 ; elapsed = 00:00:00.018 . Memory (MB): peak = 2197.785 ; gain = 0.000
INFO: [Common 17-1381] The checkpoint 'D:/fpga/kitap1b/21_oneshot/21_oneshot.runs/impl_1/oneshot_placed.dcp' has been generated.
INFO: [runtcl-4] Executing : report_io -file oneshot_io_placed.rpt
report_io: Time (s): cpu = 00:00:00 ; elapsed = 00:00:00.022 . Memory (MB): peak = 2197.785 ; gain = 0.000
INFO: [runtcl-4] Executing : report_utilization -file oneshot_utilization_placed.rpt -pb oneshot_utilization_placed.pb
INFO: [runtcl-4] Executing : report_control_sets -verbose -file oneshot_control_sets_placed.rpt
report_control_sets: Time (s): cpu = 00:00:00 ; elapsed = 00:00:00.001 . Memory (MB): peak = 2197.785 ; gain = 0.000
Command: phys_opt_design
Attempting to get a license for feature 'Implementation' and/or device 'xc7a35t'
INFO: [Common 17-349] Got license for feature 'Implementation' and/or device 'xc7a35t'
INFO: [Vivado_Tcl 4-383] Design worst setup slack (WNS) is greater than or equal to 0.000 ns. Skipping all physical synthesis optimizations.
INFO: [Vivado_Tcl 4-232] No setup violation found. The netlist was not modified.
INFO: [Common 17-83] Releasing license: Implementation
67 Infos, 0 Warnings, 0 Critical Warnings and 0 Errors encountered.
phys_opt_design completed successfully
INFO: [Timing 38-480] Writing timing data to binary archive.
Writing XDEF routing.
Writing XDEF routing logical nets.
Writing XDEF routing special nets.
Write XDEF Complete: Time (s): cpu = 00:00:00 ; elapsed = 00:00:00.018 . Memory (MB): peak = 2197.785 ; gain = 0.000
INFO: [Common 17-1381] The checkpoint 'D:/fpga/kitap1b/21_oneshot/21_oneshot.runs/impl_1/oneshot_physopt.dcp' has been generated.
Command: route_design
Attempting to get a license for feature 'Implementation' and/or device 'xc7a35t'
INFO: [Common 17-349] Got license for feature 'Implementation' and/or device 'xc7a35t'
Running DRC as a precondition to command route_design
INFO: [DRC 23-27] Running DRC with 2 threads
INFO: [Vivado_Tcl 4-198] DRC finished with 0 Errors
INFO: [Vivado_Tcl 4-199] Please refer to the DRC report (report_drc) for more information.


Starting Routing Task
INFO: [Route 35-254] Multithreading enabled for route_design using a maximum of 2 CPUs

Phase 1 Build RT Design
Checksum: PlaceDB: 51a46926 ConstDB: 0 ShapeSum: 8249ecb3 RouteDB: 0
Post Restoration Checksum: NetGraph: 2f93fc35 NumContArr: 83799803 Constraints: 0 Timing: 0
Phase 1 Build RT Design | Checksum: b30d9438

Time (s): cpu = 00:00:12 ; elapsed = 00:00:11 . Memory (MB): peak = 2272.176 ; gain = 65.176

Phase 2 Router Initialization

Phase 2.1 Fix Topology Constraints
Phase 2.1 Fix Topology Constraints | Checksum: b30d9438

Time (s): cpu = 00:00:12 ; elapsed = 00:00:11 . Memory (MB): peak = 2278.160 ; gain = 71.160

Phase 2.2 Pre Route Cleanup
Phase 2.2 Pre Route Cleanup | Checksum: b30d9438

Time (s): cpu = 00:00:12 ; elapsed = 00:00:11 . Memory (MB): peak = 2278.160 ; gain = 71.160
 Number of Nodes with overlaps = 0

Phase 2.3 Update Timing
Phase 2.3 Update Timing | Checksum: 9a3cd7b0

Time (s): cpu = 00:00:12 ; elapsed = 00:00:11 . Memory (MB): peak = 2282.773 ; gain = 75.773
INFO: [Route 35-416] Intermediate Timing Summary | WNS=17.558 | TNS=0.000  | WHS=-0.093 | THS=-0.290 |


Router Utilization Summary
  Global Vertical Routing Utilization    = 0 %
  Global Horizontal Routing Utilization  = 0 %
  Routable Net Status*
  *Does not include unroutable nets such as driverless and loadless.
  Run report_route_status for detailed report.
  Number of Failed Nets               = 11
    (Failed Nets is the sum of unrouted and partially routed nets)
  Number of Unrouted Nets             = 11
  Number of Partially Routed Nets     = 0
  Number of Node Overlaps             = 0

Phase 2 Router Initialization | Checksum: 7aa030a3

Time (s): cpu = 00:00:12 ; elapsed = 00:00:11 . Memory (MB): peak = 2284.090 ; gain = 77.090

Phase 3 Initial Routing

Phase 3.1 Global Routing
Phase 3.1 Global Routing | Checksum: 7aa030a3

Time (s): cpu = 00:00:12 ; elapsed = 00:00:11 . Memory (MB): peak = 2284.090 ; gain = 77.090
Phase 3 Initial Routing | Checksum: 13c95d428

Time (s): cpu = 00:00:12 ; elapsed = 00:00:11 . Memory (MB): peak = 2284.090 ; gain = 77.090

Phase 4 Rip-up And Reroute

Phase 4.1 Global Iteration 0
 Number of Nodes with overlaps = 0
INFO: [Route 35-416] Intermediate Timing Summary | WNS=17.678 | TNS=0.000  | WHS=N/A    | THS=N/A    |

Phase 4.1 Global Iteration 0 | Checksum: 1856a928c

Time (s): cpu = 00:00:12 ; elapsed = 00:00:11 . Memory (MB): peak = 2284.090 ; gain = 77.090
Phase 4 Rip-up And Reroute | Checksum: 1856a928c

Time (s): cpu = 00:00:12 ; elapsed = 00:00:11 . Memory (MB): peak = 2284.090 ; gain = 77.090

Phase 5 Delay and Skew Optimization

Phase 5.1 Delay CleanUp
Phase 5.1 Delay CleanUp | Checksum: 1856a928c

Time (s): cpu = 00:00:12 ; elapsed = 00:00:11 . Memory (MB): peak = 2284.090 ; gain = 77.090

Phase 5.2 Clock Skew Optimization
Phase 5.2 Clock Skew Optimization | Checksum: 1856a928c

Time (s): cpu = 00:00:12 ; elapsed = 00:00:11 . Memory (MB): peak = 2284.090 ; gain = 77.090
Phase 5 Delay and Skew Optimization | Checksum: 1856a928c

Time (s): cpu = 00:00:12 ; elapsed = 00:00:11 . Memory (MB): peak = 2284.090 ; gain = 77.090

Phase 6 Post Hold Fix

Phase 6.1 Hold Fix Iter

Phase 6.1.1 Update Timing
Phase 6.1.1 Update Timing | Checksum: 152c2c807

Time (s): cpu = 00:00:12 ; elapsed = 00:00:11 . Memory (MB): peak = 2284.090 ; gain = 77.090
INFO: [Route 35-416] Intermediate Timing Summary | WNS=17.772 | TNS=0.000  | WHS=0.177  | THS=0.000  |

Phase 6.1 Hold Fix Iter | Checksum: 152c2c807

Time (s): cpu = 00:00:12 ; elapsed = 00:00:11 . Memory (MB): peak = 2284.090 ; gain = 77.090
Phase 6 Post Hold Fix | Checksum: 152c2c807

Time (s): cpu = 00:00:12 ; elapsed = 00:00:11 . Memory (MB): peak = 2284.090 ; gain = 77.090

Phase 7 Route finalize

Router Utilization Summary
  Global Vertical Routing Utilization    = 0.00853065 %
  Global Horizontal Routing Utilization  = 0.0115825 %
  Routable Net Status*
  *Does not include unroutable nets such as driverless and loadless.
  Run report_route_status for detailed report.
  Number of Failed Nets               = 0
    (Failed Nets is the sum of unrouted and partially routed nets)
  Number of Unrouted Nets             = 0
  Number of Partially Routed Nets     = 0
  Number of Node Overlaps             = 0

Phase 7 Route finalize | Checksum: 14db4f846

Time (s): cpu = 00:00:12 ; elapsed = 00:00:11 . Memory (MB): peak = 2284.090 ; gain = 77.090

Phase 8 Verifying routed nets

 Verification completed successfully
Phase 8 Verifying routed nets | Checksum: 14db4f846

Time (s): cpu = 00:00:12 ; elapsed = 00:00:11 . Memory (MB): peak = 2284.832 ; gain = 77.832

Phase 9 Depositing Routes
Phase 9 Depositing Routes | Checksum: 16255eda7

Time (s): cpu = 00:00:12 ; elapsed = 00:00:11 . Memory (MB): peak = 2284.832 ; gain = 77.832

Phase 10 Post Router Timing
INFO: [Route 35-57] Estimated Timing Summary | WNS=17.772 | TNS=0.000  | WHS=0.177  | THS=0.000  |

INFO: [Route 35-327] The final timing numbers are based on the router estimated timing analysis. For a complete and accurate timing signoff, please run report_timing_summary.
Phase 10 Post Router Timing | Checksum: 16255eda7

Time (s): cpu = 00:00:12 ; elapsed = 00:00:11 . Memory (MB): peak = 2284.832 ; gain = 77.832
INFO: [Route 35-16] Router Completed Successfully

Time (s): cpu = 00:00:12 ; elapsed = 00:00:11 . Memory (MB): peak = 2284.832 ; gain = 77.832

Routing Is Done.
INFO: [Common 17-83] Releasing license: Implementation
81 Infos, 0 Warnings, 0 Critical Warnings and 0 Errors encountered.
route_design completed successfully
route_design: Time (s): cpu = 00:00:12 ; elapsed = 00:00:11 . Memory (MB): peak = 2284.832 ; gain = 87.047
INFO: [Timing 38-480] Writing timing data to binary archive.
Writing XDEF routing.
Writing XDEF routing logical nets.
Writing XDEF routing special nets.
Write XDEF Complete: Time (s): cpu = 00:00:00 ; elapsed = 00:00:00.017 . Memory (MB): peak = 2296.617 ; gain = 11.785
INFO: [Common 17-1381] The checkpoint 'D:/fpga/kitap1b/21_oneshot/21_oneshot.runs/impl_1/oneshot_routed.dcp' has been generated.
INFO: [runtcl-4] Executing : report_drc -file oneshot_drc_routed.rpt -pb oneshot_drc_routed.pb -rpx oneshot_drc_routed.rpx
Command: report_drc -file oneshot_drc_routed.rpt -pb oneshot_drc_routed.pb -rpx oneshot_drc_routed.rpx
INFO: [IP_Flow 19-1839] IP Catalog is up to date.
INFO: [DRC 23-27] Running DRC with 2 threads
INFO: [Vivado_Tcl 2-168] The results of DRC are in file D:/fpga/kitap1b/21_oneshot/21_oneshot.runs/impl_1/oneshot_drc_routed.rpt.
report_drc completed successfully
INFO: [runtcl-4] Executing : report_methodology -file oneshot_methodology_drc_routed.rpt -pb oneshot_methodology_drc_routed.pb -rpx oneshot_methodology_drc_routed.rpx
Command: report_methodology -file oneshot_methodology_drc_routed.rpt -pb oneshot_methodology_drc_routed.pb -rpx oneshot_methodology_drc_routed.rpx
INFO: [Timing 38-35] Done setting XDC timing constraints.
INFO: [DRC 23-133] Running Methodology with 2 threads
INFO: [Vivado_Tcl 2-1520] The results of Report Methodology are in file D:/fpga/kitap1b/21_oneshot/21_oneshot.runs/impl_1/oneshot_methodology_drc_routed.rpt.
report_methodology completed successfully
INFO: [runtcl-4] Executing : report_power -file oneshot_power_routed.rpt -pb oneshot_power_summary_routed.pb -rpx oneshot_power_routed.rpx
Command: report_power -file oneshot_power_routed.rpt -pb oneshot_power_summary_routed.pb -rpx oneshot_power_routed.rpx
INFO: [Timing 38-35] Done setting XDC timing constraints.
Running Vector-less Activity Propagation...

Finished Running Vector-less Activity Propagation
93 Infos, 0 Warnings, 0 Critical Warnings and 0 Errors encountered.
report_power completed successfully
INFO: [runtcl-4] Executing : report_route_status -file oneshot_route_status.rpt -pb oneshot_route_status.pb
INFO: [runtcl-4] Executing : report_timing_summary -max_paths 10 -report_unconstrained -file oneshot_timing_summary_routed.rpt -pb oneshot_timing_summary_routed.pb -rpx oneshot_timing_summary_routed.rpx -warn_on_violation 
INFO: [Timing 38-91] UpdateTimingParams: Speed grade: -1, Delay Type: min_max.
INFO: [Timing 38-191] Multithreading enabled for timing update using a maximum of 2 CPUs
INFO: [runtcl-4] Executing : report_incremental_reuse -file oneshot_incremental_reuse_routed.rpt
INFO: [Vivado_Tcl 4-1062] Incremental flow is disabled. No incremental reuse Info to report.
INFO: [runtcl-4] Executing : report_clock_utilization -file oneshot_clock_utilization_routed.rpt
INFO: [runtcl-4] Executing : report_bus_skew -warn_on_violation -file oneshot_bus_skew_routed.rpt -pb oneshot_bus_skew_routed.pb -rpx oneshot_bus_skew_routed.rpx
INFO: [Timing 38-91] UpdateTimingParams: Speed grade: -1, Delay Type: min_max.
INFO: [Timing 38-191] Multithreading enabled for timing update using a maximum of 2 CPUs
Command: write_bitstream -force oneshot.bit
Attempting to get a license for feature 'Implementation' and/or device 'xc7a35t'
INFO: [Common 17-349] Got license for feature 'Implementation' and/or device 'xc7a35t'
Running DRC as a precondition to command write_bitstream
INFO: [IP_Flow 19-1839] IP Catalog is up to date.
INFO: [DRC 23-27] Running DRC with 2 threads
WARNING: [DRC CFGBVS-1] Missing CFGBVS and CONFIG_VOLTAGE Design Properties: Neither the CFGBVS nor CONFIG_VOLTAGE voltage property is set in the current_design.  Configuration bank voltage select (CFGBVS) must be set to VCCO or GND, and CONFIG_VOLTAGE must be set to the correct configuration voltage, in order to determine the I/O voltage support for the pins in bank 0.  It is suggested to specify these either using the 'Edit Device Properties' function in the GUI or directly in the XDC file using the following syntax:

 set_property CFGBVS value1 [current_design]
 #where value1 is either VCCO or GND

 set_property CONFIG_VOLTAGE value2 [current_design]
 #where value2 is the voltage provided to configuration bank 0

Refer to the device configuration user guide for more information.
INFO: [Vivado 12-3199] DRC finished with 0 Errors, 1 Warnings
INFO: [Vivado 12-3200] Please refer to the DRC report (report_drc) for more information.
INFO: [Designutils 20-2272] Running write_bitstream with 2 threads.
Loading data files...
Loading site data...
Loading route data...
Processing options...
Creating bitmap...
Creating bitstream...
Writing bitstream ./oneshot.bit...
INFO: [Vivado 12-1842] Bitgen Completed Successfully.
INFO: [Project 1-1876] WebTalk data collection is mandatory when using a ULT device. To see the specific WebTalk data collected for your design, open the usage_statistics_webtalk.html or usage_statistics_webtalk.xml file in the implementation directory.
INFO: [Common 17-83] Releasing license: Implementation
12 Infos, 1 Warnings, 0 Critical Warnings and 0 Errors encountered.
write_bitstream completed successfully
write_bitstream: Time (s): cpu = 00:00:06 ; elapsed = 00:00:05 . Memory (MB): peak = 2768.789 ; gain = 443.055
INFO: [Common 17-206] Exiting Vivado at Wed Feb 26 13:25:06 2025...
